Build started 4/22/2014 8:08:22 PM.
     1>Project "C:\git\2dEngine\Source\Platformer.vcxproj" on node 2 (Build target(s)).
     1>Link:
         C:\Program Files (x86)\Microsoft Visual Studio 12.0\VC\bin\x86_amd64\link.exe /ERRORREPORT:PROMPT /OUT:"C:\git\2dEngine\Source\x64_Release\Platformer.exe" /NOLOGO /LIBPATH:C:\git\2dEngine\Source\\..\Libs\x64_rls SOIL.lib kernel32.lib user32.lib gdi32.lib winspool.lib comdlg32.lib advapi32.lib shell32.lib ole32.lib oleaut32.lib uuid.lib odbc32.lib odbccp32.lib /MANIFEST /MANIFESTUAC:"level='asInvoker' uiAccess='false'" /manifest:embed /DEBUG /PDB:"C:\git\2dEngine\Source\x64_Release\Platformer.pdb" /OPT:REF /OPT:ICF /LTCG /TLBID:1 /DYNAMICBASE /NXCOMPAT /IMPLIB:"C:\git\2dEngine\Source\x64_Release\Platformer.lib" /MACHINE:X64 C:\git\2dEngine\Source\x64_Release\actor.obj
         C:\git\2dEngine\Source\x64_Release\AStar.obj
         C:\git\2dEngine\Source\x64_Release\baseObject.obj
         C:\git\2dEngine\Source\x64_Release\bot.obj
         C:\git\2dEngine\Source\x64_Release\collision.obj
         C:\git\2dEngine\Source\x64_Release\entryPoint.obj
         C:\git\2dEngine\Source\x64_Release\Graph.obj
         C:\git\2dEngine\Source\x64_Release\inputHandler.obj
         C:\git\2dEngine\Source\x64_Release\levelReadWrite.obj
         C:\git\2dEngine\Source\x64_Release\main.obj
         C:\git\2dEngine\Source\x64_Release\navMesh.obj
         C:\git\2dEngine\Source\x64_Release\navNode.obj
         C:\git\2dEngine\Source\x64_Release\physics.obj
         C:\git\2dEngine\Source\x64_Release\renderer.obj
         C:\git\2dEngine\Source\x64_Release\scene.obj
         C:\git\2dEngine\Source\x64_Release\selection.obj
         Generating code
         Finished generating code
     1>SOIL.lib(SOIL.obj) : warning LNK4204: 'C:\git\2dEngine\Source\x64_Release\vc120.pdb' is missing debugging information for referencing module; linking object as if no debug info
     1>SOIL.lib(stb_image_aug.obj) : warning LNK4204: 'C:\git\2dEngine\Source\x64_Release\vc120.pdb' is missing debugging information for referencing module; linking object as if no debug info
     1>SOIL.lib(image_helper.obj) : warning LNK4204: 'C:\git\2dEngine\Source\x64_Release\vc120.pdb' is missing debugging information for referencing module; linking object as if no debug info
     1>SOIL.lib(image_DXT.obj) : warning LNK4204: 'C:\git\2dEngine\Source\x64_Release\vc120.pdb' is missing debugging information for referencing module; linking object as if no debug info
         Platformer.vcxproj -> C:\git\2dEngine\Source\x64_Release\Platformer.exe
     1>Done Building Project "C:\git\2dEngine\Source\Platformer.vcxproj" (Build target(s)).

Build succeeded.

Time Elapsed 00:00:02.71
