Build started 4/22/2014 8:14:15 PM.
     1>Project "C:\git\2dEngine\Source\Platformer.vcxproj" on node 2 (Build target(s)).
     1>ClCompile:
         C:\Program Files (x86)\Microsoft Visual Studio 12.0\VC\bin\x86_amd64\CL.exe /c /IC:\git\2dEngine\Source\\..\Includes\glew\include /IC:\git\2dEngine\Source\\..\Includes\glm /IC:\git\2dEngine\Source\\..\Includes\glm\gtc /IC:\git\2dEngine\Source\\..\Includes /IC:\git\2dEngine\Source\\..\Includes\fmod /Zi /nologo /W3 /WX- /Od /D _MBCS /Gm /EHsc /RTC1 /MD /GS /fp:precise /Zc:wchar_t /Zc:forScope /Fo"C:\git\2dEngine\Source\x64_Debug\//" /Fd"C:\git\2dEngine\Source\x64_Debug\vc120.pdb" /Gd /TP /errorReport:prompt /D_WIN32_WINNT=0x0600 inputHandler.cpp levelReadWrite.cpp
         levelReadWrite.cpp
         inputHandler.cpp
         Generating Code...
       Link:
         C:\Program Files (x86)\Microsoft Visual Studio 12.0\VC\bin\x86_amd64\link.exe /ERRORREPORT:PROMPT /OUT:"C:\git\2dEngine\Source\x64_Debug\Platformer.exe" /INCREMENTAL /NOLOGO /LIBPATH:C:\git\2dEngine\Source\\..\Libs\x64_dbg SOIL.lib fmodL64_vc.lib kernel32.lib user32.lib gdi32.lib winspool.lib comdlg32.lib advapi32.lib shell32.lib ole32.lib oleaut32.lib uuid.lib odbc32.lib odbccp32.lib /MANIFEST /MANIFESTUAC:"level='asInvoker' uiAccess='false'" /manifest:embed /DEBUG /PDB:"C:\git\2dEngine\Source\x64_Debug\Platformer.pdb" /TLBID:1 /DYNAMICBASE /NXCOMPAT /IMPLIB:"C:\git\2dEngine\Source\x64_Debug\Platformer.lib" /MACHINE:X64 C:\git\2dEngine\Source\x64_Debug\//actor.obj
         C:\git\2dEngine\Source\x64_Debug\//AStar.obj
         C:\git\2dEngine\Source\x64_Debug\//baseObject.obj
         C:\git\2dEngine\Source\x64_Debug\//bot.obj
         C:\git\2dEngine\Source\x64_Debug\//collision.obj
         C:\git\2dEngine\Source\x64_Debug\//entryPoint.obj
         C:\git\2dEngine\Source\x64_Debug\//Graph.obj
         C:\git\2dEngine\Source\x64_Debug\//inputHandler.obj
         C:\git\2dEngine\Source\x64_Debug\//levelReadWrite.obj
         C:\git\2dEngine\Source\x64_Debug\//main.obj
         C:\git\2dEngine\Source\x64_Debug\//navMesh.obj
         C:\git\2dEngine\Source\x64_Debug\//navNode.obj
         C:\git\2dEngine\Source\x64_Debug\//physics.obj
         C:\git\2dEngine\Source\x64_Debug\//renderer.obj
         C:\git\2dEngine\Source\x64_Debug\//scene.obj
         C:\git\2dEngine\Source\x64_Debug\//selection.obj
         Platformer.vcxproj -> C:\git\2dEngine\Source\x64_Debug\Platformer.exe
     1>Done Building Project "C:\git\2dEngine\Source\Platformer.vcxproj" (Build target(s)).

Build succeeded.

Time Elapsed 00:00:01.89
