c:\git\2dengine\source\x64_debug\vc120.pdb
c:\git\2dengine\source\x64_debug\vc120.idb
c:\git\2dengine\source\x64_debug\physics.obj
c:\git\2dengine\source\x64_debug\renderer.obj
c:\git\2dengine\source\x64_debug\actor.obj
c:\git\2dengine\source\x64_debug\baseobject.obj
c:\git\2dengine\source\x64_debug\bot.obj
c:\git\2dengine\source\x64_debug\collision.obj
c:\git\2dengine\source\x64_debug\entrypoint.obj
c:\git\2dengine\source\x64_debug\inputhandler.obj
c:\git\2dengine\source\x64_debug\levelreadwrite.obj
c:\git\2dengine\source\x64_debug\navmesh.obj
c:\git\2dengine\source\x64_debug\navnode.obj
c:\git\2dengine\source\x64_debug\scene.obj
c:\git\2dengine\source\x64_debug\selection.obj
c:\git\2dengine\source\x64_debug\platformer.ilk
c:\git\2dengine\source\x64_debug\platformer.exe
c:\git\2dengine\source\x64_debug\platformer.pdb
c:\git\2dengine\source\x64_debug\platformer.tlog\cl.command.1.tlog
c:\git\2dengine\source\x64_debug\platformer.tlog\cl.read.1.tlog
c:\git\2dengine\source\x64_debug\platformer.tlog\cl.write.1.tlog
c:\git\2dengine\source\x64_debug\platformer.tlog\link.command.1.tlog
c:\git\2dengine\source\x64_debug\platformer.tlog\link.read.1.tlog
c:\git\2dengine\source\x64_debug\platformer.tlog\link.write.1.tlog
