FMOD: SystemI::init                  : FMOD Studio Version: 00010115 (46036)
FMOD: SystemI::init                  : maxchannels = 32, flags = 00000000, extradriverdata = 0000000000000000
FMOD: SystemI::close                 : 
FMOD: SystemI::close                 : Stop all sounds
FMOD: SystemI::close                 : Remove miscllaneous DSP stuff.
FMOD: SystemI::close                 : done.

FMOD: SystemI::init                  : Set up software engine
FMOD: OutputWASAPI::enumerate        : Enumerating...
FMOD: OutputWASAPI::enumerate        : Initialise COM library.
FMOD: OutputWASAPI::enumerate        : Found Driver: "Digital Audio (S/PDIF) (2- High Definition Audio Device)".
FMOD: OutputWASAPI::enumerate        : Found Driver: "Digital Audio (S/PDIF) (2- High Definition Audio Device)".
FMOD: OutputWASAPI::enumerate        : Found Driver: "Speakers (2- High Definition Audio Device)".
FMOD: OutputWASAPI::enumerate        : Found Driver: "Microphone (2- High Definition Audio Device)".
FMOD: OutputWASAPI::enumerate        : Found Driver: "Desktop Microphone (Microsoft® LifeCam HD-3000)".
FMOD: OutputWASAPI::enumerate        : Done.
FMOD: OutputWASAPI::init             : Initialising...
FMOD: OutputWASAPI::init             : Forcing output channels to match Windows mix format: 2 channel(s)
FMOD: OutputWASAPI::init             : Done.
FMOD: SpeakerLevelsPool::alloc       :   8224 bytes (00000083E4F4E7E0)
FMOD: SpeakerLevelsPool::alloc       :   8224 bytes (00000083E4F50810)
FMOD: SpeakerLevelsPool::alloc       :   8224 bytes (00000083E4F52840)
FMOD: SpeakerLevelsPool::alloc       :   8224 bytes (00000083E4F54870)
FMOD: SpeakerLevelsPool::alloc       :   8224 bytes (00000083E4F568A0)
FMOD: SpeakerLevelsPool::alloc       :   8224 bytes (00000083E4F588D0)
FMOD: SpeakerLevelsPool::alloc       :   8224 bytes (00000083E4F5A900)
FMOD: SpeakerLevelsPool::alloc       :   8224 bytes (00000083E4F5C930)
FMOD: Thread::initThread             : Initializing FMOD (WASAPI) feeder thread.  priority 0
FMOD: Thread::initThread             : - Stacksize 0.  Stack pointer 0000000000000000 : usesemaphore = 0 : sleeptime = 0
FMOD: Thread::callback               : * FMOD (WASAPI) feeder thread started
FMOD: Thread::initThread             : done.
FMOD: OutputWASAPI::feederUpdate     : WASAPI feeder thread set to 'Audio' characteristic
FMOD: Thread::initThread             : Initializing FMOD mixer thread.  priority 2
FMOD: Thread::initThread             : - Stacksize 49152.  Stack pointer 0000000000000000 : usesemaphore = 1 : sleeptime = 0
FMOD: Thread::callback               : * FMOD mixer thread started
FMOD: Thread::initThread             : done.
FMOD: SystemI::init                  : Set up emulated output
FMOD: SystemI::init                  : create the channel pool
FMOD: SystemI::init                  : Set up streamer
FMOD: Thread::initThread             : Initializing FMOD stream thread.  priority 2
FMOD: Thread::initThread             : - Stacksize 65536.  Stack pointer 0000000000000000 : usesemaphore = 0 : sleeptime = 10
FMOD: Thread::callback               : * FMOD stream thread started
FMOD: Thread::initThread             : done.
FMOD: SystemI::init                  : done

FMOD: SystemI::createSoundInternal   : filename = ../Assets/Sounds/jump.wav : mode 00000020
FMOD: SystemI::createSoundInternal   : 20 codecs found.  Scan all until one succeeds
FMOD: CodecTag::openInternal         : attempting to open ID3 or ASF tags..
FMOD: Codec::release                 : 
FMOD: Plugin::release                : (00000083E4FDF6F8)
FMOD: Plugin::release                : done
FMOD: Codec::release                 : done
FMOD: CodecCDDA::openInternal        : attempting to open as CDDA..
FMOD: Codec::release                 : 
FMOD: Plugin::release                : (00000083E4FDF6F8)
FMOD: Plugin::release                : done
FMOD: Codec::release                 : done
FMOD: CodecFSB5::openInternal        : attempting to open as FSB5..
FMOD: CodecFSB5::headerReadCheck     : Header check failed. Not an FSB5
FMOD: Codec::release                 : 
FMOD: CodecFSB5::closeInternal       : 
FMOD: CodecFSB5::closeInternal       : done
FMOD: Plugin::release                : (00000083E4FE06C8)
FMOD: Plugin::release                : done
FMOD: Codec::release                 : done
FMOD: CodecVAG::openInternal         : attempting to open as VAG..
FMOD: CodecVAG::openInternal         : 'VAG' ID check failed [RIF]
FMOD: Codec::release                 : 
FMOD: Plugin::release                : (00000083E4FE06C8)
FMOD: Plugin::release                : done
FMOD: Codec::release                 : done
FMOD: CodecWav::openInternal         : attempting to open as WAV..
FMOD: CodecWav::parseRIFF            : chunk : id fmt  size 16
FMOD: CodecWav::parseRIFF            : offset = 28 / 35106
FMOD: CodecWav::parseRIFF            : chunk : id data size 35070
FMOD: CodecWav::parseRIFF            : offset = 35106 / 35106
FMOD: CodecWav::openInternal         : mSrcFormat->wFormatTag = 1
FMOD: CodecWav::openInternal         : mSrcFormat->nChannels = 1
FMOD: CodecWav::openInternal         : mSrcFormat->nSamplesPerSec = 44100
FMOD: CodecWav::openInternal         : mSrcFormat->nAvgBytesPerSec = 88200
FMOD: CodecWav::openInternal         : mSrcFormat->nBlockAlign = 2
FMOD: CodecWav::openInternal         : mSrcFormat->wBitsPerSample = 16
FMOD: CodecWav::openInternal         : mSrcFormat->cbSize = 0
FMOD: SystemI::createSoundInternal   : Format has 0 subsounds.
FMOD: SystemI::createSoundInternal   : Create as FMOD_CREATESAMPLE
FMOD: SystemI::createSoundInternal   : creating subsound 0/0
FMOD: SystemI::createSample          : mode 00000040 length 17535 samples, lengthbytes 35070
FMOD: SystemI::createSample          : subsamples = 1, channels = 1
FMOD: SystemI::createSample          : subsample 0.  output = 00000083E08685D8
FMOD: SystemI::createSample          : mSoftware = 00000083E08685D8
FMOD: OutputSoftware::createSample   : lengthpcm 17535, lengthbytes 35070, channels 1, format 2, freq 44100, mode 00000049
FMOD: OutputSoftware::createSample   : done
FMOD: SystemI::createSample          : done
FMOD: SystemI::createSoundInternal   : No name found in file, use filename.
FMOD: SystemI::createSoundInternal   : done.  OpenState now = FMOD_OPENSTATE_READY.

FMOD: SystemI::createSoundInternal   : filename = ../Assets/Sounds/run.mp3 : mode 00000020
FMOD: SystemI::createSoundInternal   : 20 codecs found.  Scan all until one succeeds
FMOD: CodecTag::openInternal         : attempting to open ID3 or ASF tags..
FMOD: Codec::release                 : 
FMOD: Plugin::release                : (00000083E4FE95B8)
FMOD: Plugin::release                : done
FMOD: Codec::release                 : done
FMOD: CodecCDDA::openInternal        : attempting to open as CDDA..
FMOD: Codec::release                 : 
FMOD: Plugin::release                : (00000083E4FE95B8)
FMOD: Plugin::release                : done
FMOD: Codec::release                 : done
FMOD: CodecFSB5::openInternal        : attempting to open as FSB5..
FMOD: CodecFSB5::headerReadCheck     : Header check failed. Not an FSB5
FMOD: Codec::release                 : 
FMOD: CodecFSB5::closeInternal       : 
FMOD: CodecFSB5::closeInternal       : done
FMOD: Plugin::release                : (00000083E4FEA208)
FMOD: Plugin::release                : done
FMOD: Codec::release                 : done
FMOD: CodecVAG::openInternal         : attempting to open as VAG..
FMOD: CodecVAG::openInternal         : 'VAG' ID check failed [ÿã€]
FMOD: Codec::release                 : 
FMOD: Plugin::release                : (00000083E4FEA208)
FMOD: Plugin::release                : done
FMOD: Codec::release                 : done
FMOD: CodecWav::openInternal         : attempting to open as WAV..
FMOD: Codec::release                 : 
FMOD: Plugin::release                : (00000083E4FEA208)
FMOD: Plugin::release                : done
FMOD: Codec::release                 : done
FMOD: CodecOggVorbis::openInternal   : attempting to open as OGG..
FMOD: CodecOggVorbis::openInternal   : failed to open as ogg
FMOD: Codec::release                 : 
FMOD: Plugin::release                : (00000083E4FEA208)
FMOD: Plugin::release                : done
FMOD: Codec::release                 : done
FMOD: CodecAIFF::openInternal        : attempting to open as AIFF..
FMOD: Codec::release                 : 
FMOD: Plugin::release                : (00000083E4FE95B8)
FMOD: Plugin::release                : done
FMOD: Codec::release                 : done
FMOD: CodecFLAC::openInternal        : attempting to open as FLAC..
FMOD: Codec::release                 : 
FMOD: Plugin::release                : (00000083E4FEA208)
FMOD: Plugin::release                : done
FMOD: Codec::release                 : done
FMOD: CodecMOD::openInternal         : attempting to open as MOD..
FMOD: CodecMOD::openInternal         : 'M.K.' etc ID check failed [ÀÃM]
FMOD: Codec::release                 : 
FMOD: Plugin::release                : (00000083E4FEA208)
FMOD: Plugin::release                : done
FMOD: Codec::release                 : done
FMOD: CodecS3M::openInternal         : attempting to open as S3M..
FMOD: CodecS3M::openInternal         : 'SCRM' ID check failed [')+.]
FMOD: Codec::release                 : 
FMOD: Plugin::release                : (00000083E4FEA208)
FMOD: Plugin::release                : done
FMOD: Codec::release                 : done
FMOD: CodecXM::openInternal          : attempting to open as XM..
FMOD: CodecXM::openInternal          : 'Extended Module: ' ID check failed [ÿã€Ä]
FMOD: Codec::release                 : 
FMOD: CodecXM::closeInternal         : 3398
FMOD: CodecXM::closeInternal         : done
FMOD: Plugin::release                : (00000083E086AFB8)
FMOD: Plugin::release                : done
FMOD: Codec::release                 : done
FMOD: CodecIT::openInternal          : attempting to open as IT..
FMOD: CodecIT::openInternal          : 'IMPM' etc ID check failed [ÿã€Ä]
FMOD: Codec::release                 : 
FMOD: Plugin::release                : (00000083E4FEA208)
FMOD: Plugin::release                : done
FMOD: Codec::release                 : done
FMOD: CodecMIDI::openInternal        : attempting to open as MIDI..
FMOD: CodecMIDI::openInternal        : 'HThd' ID check failed [ÿã€Ä]
FMOD: Codec::release                 : 
FMOD: Plugin::release                : (00000083E4FEA208)
FMOD: Plugin::release                : done
FMOD: Codec::release                 : done
FMOD: CodecDLS::openInternal         : attempting to open as DLS..
FMOD: Codec::release                 : 
FMOD: Plugin::release                : (00000083E086AFB8)
FMOD: Plugin::release                : done
FMOD: Codec::release                 : done
FMOD: CodecASF::openInternal         : attempting to open as ASF..
FMOD: Codec::release                 : 
FMOD: Plugin::release                : (00000083E086AFB8)
FMOD: Plugin::release                : done
FMOD: Codec::release                 : done
FMOD: CodecMPEG::openInternal        : attempting to open as MPEG..
FMOD: SystemI::createSoundInternal   : Format has 0 subsounds.
FMOD: SystemI::createSoundInternal   : Create as FMOD_CREATESAMPLE
FMOD: SystemI::createSoundInternal   : creating subsound 0/0
FMOD: SystemI::createSample          : mode 00000040 length 196992 samples, lengthbytes 142523
FMOD: SystemI::createSample          : subsamples = 1, channels = 1
FMOD: SystemI::createSample          : subsample 0.  output = 00000083E08685D8
FMOD: SystemI::createSample          : mSoftware = 00000083E08685D8
FMOD: OutputSoftware::createSample   : lengthpcm 196992, lengthbytes 142523, channels 1, format 2, freq 11025, mode 00000049
FMOD: OutputSoftware::createSample   : done
FMOD: SystemI::createSample          : done
FMOD: SystemI::createSoundInternal   : No name found in file, use filename.
FMOD: SystemI::createSoundInternal   : done.  OpenState now = FMOD_OPENSTATE_READY.

